\BOOKMARK [1][-]{section.1}{\376\377\000I\000n\000t\000r\000o\000d\000u\000c\000c\000i\000\363\000n}{}% 1
\BOOKMARK [1][-]{section.2}{\376\377\000S\000i\000s\000t\000e\000m\000a\000s\000\040\000E\000l\000e\000c\000t\000r\000o\000-\000\323\000p\000t\000i\000c\000o\000s}{}% 2
\BOOKMARK [2][-]{subsection.2.1}{\376\377\000S\000i\000s\000t\000e\000m\000a\000s\000\040\000\323\000p\000t\000i\000c\000o\000s}{section.2}% 3
\BOOKMARK [3][-]{subsubsection.2.1.1}{\376\377\000R\000e\000s\000p\000u\000e\000s\000t\000a\000\040\000a\000l\000\040\000i\000m\000p\000u\000l\000s\000o}{subsection.2.1}% 4
\BOOKMARK [3][-]{subsubsection.2.1.2}{\376\377\000D\000o\000m\000i\000n\000i\000o\000\040\000d\000e\000\040\000f\000r\000e\000c\000u\000e\000n\000c\000i\000a\000s}{subsection.2.1}% 5
\BOOKMARK [2][-]{subsection.2.2}{\376\377\000F\000u\000e\000n\000t\000e\000s\000\040\000d\000e\000\040\000d\000e\000g\000r\000a\000d\000a\000c\000i\000\363\000n\000\040\000e\000n\000\040\000l\000a\000\040\000c\000a\000l\000i\000d\000a\000d\000\040\000d\000e\000\040\000l\000a\000\040\000i\000m\000a\000g\000e\000n}{section.2}% 6
\BOOKMARK [3][-]{subsubsection.2.2.1}{\376\377\000R\000e\000l\000a\000c\000i\000\363\000n\000\040\000s\000e\000\361\000a\000l\000\040\000a\000\040\000r\000u\000i\000d\000o\000\040\000\050\000S\000N\000R\000\051}{subsection.2.2}% 7
\BOOKMARK [3][-]{subsubsection.2.2.2}{\376\377\000A\000b\000e\000r\000r\000a\000c\000i\000o\000n\000e\000s\000\040\000\363\000p\000t\000i\000c\000a\000s}{subsection.2.2}% 8
\BOOKMARK [3][-]{subsubsection.2.2.3}{\376\377\000D\000i\000s\000t\000o\000r\000s\000i\000\363\000n\000\040\000\323\000p\000t\000i\000c\000a}{subsection.2.2}% 9
\BOOKMARK [3][-]{subsubsection.2.2.4}{\376\377\000M\000o\000d\000e\000l\000a\000d\000o\000\040\000M\000a\000t\000e\000m\000\341\000t\000i\000c\000o}{subsection.2.2}% 10
\BOOKMARK [2][-]{subsection.2.3}{\376\377\000M\000\351\000t\000o\000d\000o\000s\000\040\000d\000e\000\040\000c\000o\000r\000r\000e\000c\000c\000i\000\363\000n\000\040\000d\000e\000\040\000d\000i\000s\000t\000o\000r\000s\000i\000\363\000n}{section.2}% 11
\BOOKMARK [3][-]{subsubsection.2.3.1}{\376\377\000M\000\351\000t\000o\000d\000o\000s\000\040\000c\000l\000\341\000s\000i\000c\000o\000s}{subsection.2.3}% 12
\BOOKMARK [3][-]{subsubsection.2.3.2}{\376\377\000M\000\351\000t\000o\000d\000o\000s\000\040\000d\000e\000\040\000a\000p\000r\000e\000n\000d\000i\000z\000a\000j\000e\000\040\000b\000a\000s\000a\000d\000o\000s\000\040\000e\000n\000\040\000r\000e\000g\000r\000e\000s\000i\000\363\000n}{subsection.2.3}% 13
\BOOKMARK [3][-]{subsubsection.2.3.3}{\376\377\000M\000\351\000t\000o\000d\000o\000s\000\040\000d\000e\000\040\000a\000p\000r\000e\000n\000d\000i\000z\000a\000j\000e\000\040\000b\000a\000s\000a\000d\000o\000s\000\040\000e\000n\000\040\000r\000e\000c\000o\000n\000s\000t\000r\000u\000c\000c\000i\000\363\000n}{subsection.2.3}% 14
\BOOKMARK [2][-]{subsection.2.4}{\376\377\000M\000\351\000t\000r\000i\000c\000a\000s}{section.2}% 15
\BOOKMARK [1][-]{section.3}{\376\377\000M\000\351\000t\000o\000d\000o\000\040\000p\000r\000o\000p\000u\000e\000s\000t\000o}{}% 16
\BOOKMARK [2][-]{subsection.3.1}{\376\377\000P\000r\000i\000m\000e\000r\000\040\000p\000a\000s\000o\000:\000\040\000d\000e\000t\000e\000c\000c\000i\000\363\000n\000\040\000d\000e\000\040\000l\000o\000s\000\040\000c\000e\000n\000t\000r\000o\000i\000d\000e\000s\000\040\000d\000e\000\040\000l\000o\000s\000\040\000p\000i\000n\000h\000o\000l\000e\000s}{section.3}% 17
\BOOKMARK [2][-]{subsection.3.2}{\376\377\000S\000e\000g\000u\000n\000d\000o\000\040\000p\000a\000s\000o\000:\000\040\000c\000a\000r\000a\000c\000t\000e\000r\000i\000z\000a\000c\000i\000\363\000n\000\040\000d\000e\000\040\000l\000a\000\040\000p\000l\000a\000c\000a\000\040\000d\000e\000\040\000p\000i\000n\000h\000o\000l\000e\000s\000,\000\040\000y\000\040\000m\000o\000d\000e\000l\000i\000z\000a\000c\000i\000\363\000n\000\040\000d\000e\000\040\000l\000a\000s\000\040\000p\000i\000n\000h\000o\000l\000e\000s\000\040\000i\000d\000e\000a\000l\000e\000s}{section.3}% 18
\BOOKMARK [2][-]{subsection.3.3}{\376\377\000T\000e\000r\000c\000e\000r\000\040\000p\000a\000s\000o\000:\000\040\000c\000\341\000l\000c\000u\000l\000o\000\040\000d\000e\000\040\000l\000a\000\040\000c\000o\000n\000s\000t\000a\000n\000t\000e\000\040\000d\000e\000\040\000d\000i\000s\000t\000o\000r\000s\000i\000\363\000n\000.}{section.3}% 19
\BOOKMARK [1][-]{section.4}{\376\377\000E\000t\000a\000p\000a\000\040\000d\000e\000\040\000s\000i\000m\000u\000l\000a\000c\000i\000\363\000n}{}% 20
\BOOKMARK [2][-]{subsection.4.1}{\376\377\000G\000e\000n\000e\000r\000a\000c\000i\000\363\000n\000\040\000d\000e\000\040\000l\000a\000\040\000i\000m\000a\000g\000e\000n\000\040\000i\000d\000e\000a\000l}{section.4}% 21
\BOOKMARK [2][-]{subsection.4.2}{\376\377\000I\000n\000t\000r\000o\000d\000u\000c\000c\000i\000\363\000n\000\040\000d\000e\000\040\000l\000a\000\040\000d\000i\000s\000t\000o\000r\000s\000i\000\363\000n\000\040\000r\000a\000d\000i\000a\000l\000\040\000e\000n\000\040\000l\000a\000\040\000i\000m\000a\000g\000e\000n\000\040\000i\000d\000e\000a\000l}{section.4}% 22
\BOOKMARK [2][-]{subsection.4.3}{\376\377\000A\000p\000l\000i\000c\000a\000c\000i\000\363\000n\000\040\000d\000e\000l\000\040\000m\000\351\000t\000o\000d\000o\000\040\000p\000r\000o\000p\000u\000e\000s\000t\000o\000\040\000p\000a\000r\000a\000\040\000l\000a\000\040\000d\000e\000t\000e\000c\000c\000i\000\363\000n\000\040\000d\000e\000\040\000l\000a\000\040\000d\000i\000s\000t\000o\000r\000s\000i\000\363\000n}{section.4}% 23
\BOOKMARK [2][-]{subsection.4.4}{\376\377\000E\000v\000a\000l\000u\000a\000c\000i\000\363\000n\000\040\000d\000e\000\040\000l\000o\000s\000\040\000r\000e\000s\000u\000l\000t\000a\000d\000o\000s\000\040\000o\000b\000t\000e\000n\000i\000d\000o\000s\000.}{section.4}% 24
\BOOKMARK [3][-]{subsubsection.4.4.1}{\376\377\000S\000i\000m\000u\000l\000a\000c\000i\000\363\000n\000\040\0001}{subsection.4.4}% 25
\BOOKMARK [3][-]{subsubsection.4.4.2}{\376\377\000S\000i\000m\000u\000l\000a\000c\000i\000\363\000n\000\040\0002}{subsection.4.4}% 26
\BOOKMARK [3][-]{subsubsection.4.4.3}{\376\377\000S\000i\000m\000u\000l\000a\000c\000i\000\363\000n\000\040\0003}{subsection.4.4}% 27
\BOOKMARK [3][-]{subsubsection.4.4.4}{\376\377\000S\000i\000m\000u\000l\000a\000c\000i\000\363\000n\000\040\0004}{subsection.4.4}% 28
\BOOKMARK [3][-]{subsubsection.4.4.5}{\376\377\000S\000i\000m\000u\000l\000a\000c\000i\000\363\000n\000\040\0005}{subsection.4.4}% 29
\BOOKMARK [3][-]{subsubsection.4.4.6}{\376\377\000S\000i\000m\000u\000l\000a\000c\000i\000\363\000n\000\040\0006}{subsection.4.4}% 30
\BOOKMARK [3][-]{subsubsection.4.4.7}{\376\377\000S\000i\000m\000u\000l\000a\000c\000i\000o\000n\000\040\0007}{subsection.4.4}% 31
\BOOKMARK [3][-]{subsubsection.4.4.8}{\376\377\000S\000i\000m\000u\000l\000a\000c\000i\000o\000n\000\040\0008}{subsection.4.4}% 32
\BOOKMARK [1][-]{section.5}{\376\377\000A\000p\000l\000i\000c\000a\000c\000i\000\363\000n\000\040\000e\000n\000\040\000s\000i\000s\000t\000e\000m\000a\000s\000\040\000\363\000p\000t\000i\000c\000o\000s\000\040\000d\000e\000\040\000S\000a\000t\000l\000a\000n\000t\000i\000s}{}% 33
\BOOKMARK [1][-]{section.6}{\376\377\000C\000o\000n\000c\000l\000u\000s\000i\000o\000n\000e\000s}{}% 34
